[INFO ] 2019-09-06T16:59:40,948 [main] ServerKt - Starting ServerKt on prannav-ThinkPad-T480 with PID 12768 (/home/prannav/Documents/pPjcts/eAg/eaga-cordapp/server/out/production/classes started by prannav in /home/prannav/Documents/pPjcts/eAg/eaga-cordapp)
[INFO ] 2019-09-06T16:59:40,962 [main] ServerKt - No active profile set, falling back to default profiles: default
[INFO ] 2019-09-06T16:59:41,031 [main] AnnotationConfigServletWebServerApplicationContext - Refreshing org.springframework.boot.web.servlet.context.AnnotationConfigServletWebServerApplicationContext@107ed6fc: startup date [Fri Sep 06 22:29:41 IST 2019]; root of context hierarchy
[INFO ] 2019-09-06T16:59:42,179 [main] TomcatWebServer - Tomcat initialized with port(s): 10055 (http)
[INFO ] 2019-09-06T16:59:42,310 [localhost-startStop-1] ContextLoader - Root WebApplicationContext: initialization completed in 1282 ms
[INFO ] 2019-09-06T16:59:42,417 [localhost-startStop-1] ServletRegistrationBean - Servlet dispatcherServlet mapped to [/]
[INFO ] 2019-09-06T16:59:42,421 [localhost-startStop-1] FilterRegistrationBean - Mapping filter: 'characterEncodingFilter' to: [/*]
[INFO ] 2019-09-06T16:59:42,421 [localhost-startStop-1] FilterRegistrationBean - Mapping filter: 'hiddenHttpMethodFilter' to: [/*]
[INFO ] 2019-09-06T16:59:42,421 [localhost-startStop-1] FilterRegistrationBean - Mapping filter: 'httpPutFormContentFilter' to: [/*]
[INFO ] 2019-09-06T16:59:42,421 [localhost-startStop-1] FilterRegistrationBean - Mapping filter: 'requestContextFilter' to: [/*]
[INFO ] 2019-09-06T17:00:13,404 [main] RPCClient - Failed Startup took 30616 msec
[WARN ] 2019-09-06T17:00:13,406 [main] AnnotationConfigServletWebServerApplicationContext - Exception encountered during context initialization - cancelling refresh attempt: org.springframework.beans.factory.BeanCreationException: Error creating bean with name 'nodeRPCConnection': Invocation of init method failed; nested exception is ActiveMQConnectionTimedOutException[errorType=CONNECTION_TIMEDOUT message=AMQ119013: Timed out waiting to receive cluster topology. Group:null]
[INFO ] 2019-09-06T17:00:13,427 [main] ConditionEvaluationReportLoggingListener - 

Error starting ApplicationContext. To display the conditions report re-run your application with 'debug' enabled.
[ERROR] 2019-09-06T17:00:13,429 [main] SpringApplication - Application run failed
org.springframework.beans.factory.BeanCreationException: Error creating bean with name 'nodeRPCConnection': Invocation of init method failed; nested exception is ActiveMQConnectionTimedOutException[errorType=CONNECTION_TIMEDOUT message=AMQ119013: Timed out waiting to receive cluster topology. Group:null]
	at org.springframework.beans.factory.annotation.InitDestroyAnnotationBeanPostProcessor.postProcessBeforeInitialization(InitDestroyAnnotationBeanPostProcessor.java:138) ~[spring-beans-5.0.6.RELEASE.jar:5.0.6.RELEASE]
	at org.springframework.beans.factory.support.AbstractAutowireCapableBeanFactory.applyBeanPostProcessorsBeforeInitialization(AbstractAutowireCapableBeanFactory.java:422) ~[spring-beans-5.0.6.RELEASE.jar:5.0.6.RELEASE]
	at org.springframework.beans.factory.support.AbstractAutowireCapableBeanFactory.initializeBean(AbstractAutowireCapableBeanFactory.java:1698) ~[spring-beans-5.0.6.RELEASE.jar:5.0.6.RELEASE]
	at org.springframework.beans.factory.support.AbstractAutowireCapableBeanFactory.doCreateBean(AbstractAutowireCapableBeanFactory.java:579) ~[spring-beans-5.0.6.RELEASE.jar:5.0.6.RELEASE]
	at org.springframework.beans.factory.support.AbstractAutowireCapableBeanFactory.createBean(AbstractAutowireCapableBeanFactory.java:501) ~[spring-beans-5.0.6.RELEASE.jar:5.0.6.RELEASE]
	at org.springframework.beans.factory.support.AbstractBeanFactory.lambda$doGetBean$0(AbstractBeanFactory.java:317) ~[spring-beans-5.0.6.RELEASE.jar:5.0.6.RELEASE]
	at org.springframework.beans.factory.support.DefaultSingletonBeanRegistry.getSingleton(DefaultSingletonBeanRegistry.java:228) ~[spring-beans-5.0.6.RELEASE.jar:5.0.6.RELEASE]
	at org.springframework.beans.factory.support.AbstractBeanFactory.doGetBean(AbstractBeanFactory.java:315) ~[spring-beans-5.0.6.RELEASE.jar:5.0.6.RELEASE]
	at org.springframework.beans.factory.support.AbstractBeanFactory.getBean(AbstractBeanFactory.java:199) ~[spring-beans-5.0.6.RELEASE.jar:5.0.6.RELEASE]
	at org.springframework.beans.factory.support.DefaultListableBeanFactory.preInstantiateSingletons(DefaultListableBeanFactory.java:760) ~[spring-beans-5.0.6.RELEASE.jar:5.0.6.RELEASE]
	at org.springframework.context.support.AbstractApplicationContext.finishBeanFactoryInitialization(AbstractApplicationContext.java:869) ~[spring-context-5.0.6.RELEASE.jar:5.0.6.RELEASE]
	at org.springframework.context.support.AbstractApplicationContext.refresh(AbstractApplicationContext.java:550) ~[spring-context-5.0.6.RELEASE.jar:5.0.6.RELEASE]
	at org.springframework.boot.web.servlet.context.ServletWebServerApplicationContext.refresh(ServletWebServerApplicationContext.java:140) ~[spring-boot-2.0.2.RELEASE.jar:2.0.2.RELEASE]
	at org.springframework.boot.SpringApplication.refresh(SpringApplication.java:759) [spring-boot-2.0.2.RELEASE.jar:2.0.2.RELEASE]
	at org.springframework.boot.SpringApplication.refreshContext(SpringApplication.java:395) [spring-boot-2.0.2.RELEASE.jar:2.0.2.RELEASE]
	at org.springframework.boot.SpringApplication.run(SpringApplication.java:327) [spring-boot-2.0.2.RELEASE.jar:2.0.2.RELEASE]
	at com.rent.server.ServerKt.main(Server.kt:21) [classes/:?]
Caused by: org.apache.activemq.artemis.api.core.ActiveMQConnectionTimedOutException: AMQ119013: Timed out waiting to receive cluster topology. Group:null
	at org.apache.activemq.artemis.core.client.impl.ServerLocatorImpl.createSessionFactory(ServerLocatorImpl.java:814) ~[artemis-core-client-2.6.2.jar:2.6.2]
	at net.corda.client.rpc.internal.RPCClientProxyHandler.start(RPCClientProxyHandler.kt:216) ~[corda-rpc-4.1.jar:?]
	at net.corda.client.rpc.internal.RPCClient$start$1.invoke(RPCClient.kt:93) ~[corda-rpc-4.1.jar:?]
	at net.corda.client.rpc.internal.RPCClient$start$1.invoke(RPCClient.kt:32) ~[corda-rpc-4.1.jar:?]
	at net.corda.core.internal.InternalUtils.logElapsedTime(InternalUtils.kt:194) ~[corda-core-4.1.jar:?]
	at net.corda.core.internal.InternalUtils.logElapsedTime(InternalUtils.kt:184) ~[corda-core-4.1.jar:?]
	at net.corda.client.rpc.internal.RPCClient.start(RPCClient.kt:72) ~[corda-rpc-4.1.jar:?]
	at net.corda.client.rpc.CordaRPCClient.start(CordaRPCClient.kt:392) ~[corda-rpc-4.1.jar:?]
	at net.corda.client.rpc.CordaRPCClient.start(CordaRPCClient.kt:375) ~[corda-rpc-4.1.jar:?]
	at net.corda.client.rpc.CordaRPCClient.start(CordaRPCClient.kt:344) ~[corda-rpc-4.1.jar:?]
	at com.rent.server.NodeRPCConnection.initialiseNodeRPCConnection(NodeRPCConnection.kt:44) ~[classes/:?]
	at sun.reflect.NativeMethodAccessorImpl.invoke0(Native Method) ~[?:1.8.0_191]
	at sun.reflect.NativeMethodAccessorImpl.invoke(NativeMethodAccessorImpl.java:62) ~[?:1.8.0_191]
	at sun.reflect.DelegatingMethodAccessorImpl.invoke(DelegatingMethodAccessorImpl.java:43) ~[?:1.8.0_191]
	at java.lang.reflect.Method.invoke(Method.java:498) ~[?:1.8.0_191]
	at org.springframework.beans.factory.annotation.InitDestroyAnnotationBeanPostProcessor$LifecycleElement.invoke(InitDestroyAnnotationBeanPostProcessor.java:365) ~[spring-beans-5.0.6.RELEASE.jar:5.0.6.RELEASE]
	at org.springframework.beans.factory.annotation.InitDestroyAnnotationBeanPostProcessor$LifecycleMetadata.invokeInitMethods(InitDestroyAnnotationBeanPostProcessor.java:308) ~[spring-beans-5.0.6.RELEASE.jar:5.0.6.RELEASE]
	at org.springframework.beans.factory.annotation.InitDestroyAnnotationBeanPostProcessor.postProcessBeforeInitialization(InitDestroyAnnotationBeanPostProcessor.java:135) ~[spring-beans-5.0.6.RELEASE.jar:5.0.6.RELEASE]
	... 16 more
[INFO ] 2019-09-06T17:02:33,183 [main] ServerKt - Starting ServerKt on prannav-ThinkPad-T480 with PID 13433 (/home/prannav/Documents/pPjcts/eAg/eaga-cordapp/server/out/production/classes started by prannav in /home/prannav/Documents/pPjcts/eAg/eaga-cordapp)
[INFO ] 2019-09-06T17:02:33,189 [main] ServerKt - No active profile set, falling back to default profiles: default
[INFO ] 2019-09-06T17:02:33,256 [main] AnnotationConfigServletWebServerApplicationContext - Refreshing org.springframework.boot.web.servlet.context.AnnotationConfigServletWebServerApplicationContext@107ed6fc: startup date [Fri Sep 06 22:32:33 IST 2019]; root of context hierarchy
[INFO ] 2019-09-06T17:02:34,384 [main] TomcatWebServer - Tomcat initialized with port(s): 10055 (http)
[INFO ] 2019-09-06T17:02:34,513 [localhost-startStop-1] ContextLoader - Root WebApplicationContext: initialization completed in 1261 ms
[INFO ] 2019-09-06T17:02:34,606 [localhost-startStop-1] ServletRegistrationBean - Servlet dispatcherServlet mapped to [/]
[INFO ] 2019-09-06T17:02:34,611 [localhost-startStop-1] FilterRegistrationBean - Mapping filter: 'characterEncodingFilter' to: [/*]
[INFO ] 2019-09-06T17:02:34,611 [localhost-startStop-1] FilterRegistrationBean - Mapping filter: 'hiddenHttpMethodFilter' to: [/*]
[INFO ] 2019-09-06T17:02:34,611 [localhost-startStop-1] FilterRegistrationBean - Mapping filter: 'httpPutFormContentFilter' to: [/*]
[INFO ] 2019-09-06T17:02:34,612 [localhost-startStop-1] FilterRegistrationBean - Mapping filter: 'requestContextFilter' to: [/*]
[INFO ] 2019-09-06T17:03:05,498 [main] RPCClient - Failed Startup took 30505 msec
[WARN ] 2019-09-06T17:03:05,499 [main] AnnotationConfigServletWebServerApplicationContext - Exception encountered during context initialization - cancelling refresh attempt: org.springframework.beans.factory.BeanCreationException: Error creating bean with name 'nodeRPCConnection': Invocation of init method failed; nested exception is ActiveMQConnectionTimedOutException[errorType=CONNECTION_TIMEDOUT message=AMQ119013: Timed out waiting to receive cluster topology. Group:null]
[INFO ] 2019-09-06T17:03:05,515 [main] ConditionEvaluationReportLoggingListener - 

Error starting ApplicationContext. To display the conditions report re-run your application with 'debug' enabled.
[ERROR] 2019-09-06T17:03:05,518 [main] SpringApplication - Application run failed
org.springframework.beans.factory.BeanCreationException: Error creating bean with name 'nodeRPCConnection': Invocation of init method failed; nested exception is ActiveMQConnectionTimedOutException[errorType=CONNECTION_TIMEDOUT message=AMQ119013: Timed out waiting to receive cluster topology. Group:null]
	at org.springframework.beans.factory.annotation.InitDestroyAnnotationBeanPostProcessor.postProcessBeforeInitialization(InitDestroyAnnotationBeanPostProcessor.java:138) ~[spring-beans-5.0.6.RELEASE.jar:5.0.6.RELEASE]
	at org.springframework.beans.factory.support.AbstractAutowireCapableBeanFactory.applyBeanPostProcessorsBeforeInitialization(AbstractAutowireCapableBeanFactory.java:422) ~[spring-beans-5.0.6.RELEASE.jar:5.0.6.RELEASE]
	at org.springframework.beans.factory.support.AbstractAutowireCapableBeanFactory.initializeBean(AbstractAutowireCapableBeanFactory.java:1698) ~[spring-beans-5.0.6.RELEASE.jar:5.0.6.RELEASE]
	at org.springframework.beans.factory.support.AbstractAutowireCapableBeanFactory.doCreateBean(AbstractAutowireCapableBeanFactory.java:579) ~[spring-beans-5.0.6.RELEASE.jar:5.0.6.RELEASE]
	at org.springframework.beans.factory.support.AbstractAutowireCapableBeanFactory.createBean(AbstractAutowireCapableBeanFactory.java:501) ~[spring-beans-5.0.6.RELEASE.jar:5.0.6.RELEASE]
	at org.springframework.beans.factory.support.AbstractBeanFactory.lambda$doGetBean$0(AbstractBeanFactory.java:317) ~[spring-beans-5.0.6.RELEASE.jar:5.0.6.RELEASE]
	at org.springframework.beans.factory.support.DefaultSingletonBeanRegistry.getSingleton(DefaultSingletonBeanRegistry.java:228) ~[spring-beans-5.0.6.RELEASE.jar:5.0.6.RELEASE]
	at org.springframework.beans.factory.support.AbstractBeanFactory.doGetBean(AbstractBeanFactory.java:315) ~[spring-beans-5.0.6.RELEASE.jar:5.0.6.RELEASE]
	at org.springframework.beans.factory.support.AbstractBeanFactory.getBean(AbstractBeanFactory.java:199) ~[spring-beans-5.0.6.RELEASE.jar:5.0.6.RELEASE]
	at org.springframework.beans.factory.support.DefaultListableBeanFactory.preInstantiateSingletons(DefaultListableBeanFactory.java:760) ~[spring-beans-5.0.6.RELEASE.jar:5.0.6.RELEASE]
	at org.springframework.context.support.AbstractApplicationContext.finishBeanFactoryInitialization(AbstractApplicationContext.java:869) ~[spring-context-5.0.6.RELEASE.jar:5.0.6.RELEASE]
	at org.springframework.context.support.AbstractApplicationContext.refresh(AbstractApplicationContext.java:550) ~[spring-context-5.0.6.RELEASE.jar:5.0.6.RELEASE]
	at org.springframework.boot.web.servlet.context.ServletWebServerApplicationContext.refresh(ServletWebServerApplicationContext.java:140) ~[spring-boot-2.0.2.RELEASE.jar:2.0.2.RELEASE]
	at org.springframework.boot.SpringApplication.refresh(SpringApplication.java:759) [spring-boot-2.0.2.RELEASE.jar:2.0.2.RELEASE]
	at org.springframework.boot.SpringApplication.refreshContext(SpringApplication.java:395) [spring-boot-2.0.2.RELEASE.jar:2.0.2.RELEASE]
	at org.springframework.boot.SpringApplication.run(SpringApplication.java:327) [spring-boot-2.0.2.RELEASE.jar:2.0.2.RELEASE]
	at com.rent.server.ServerKt.main(Server.kt:21) [classes/:?]
Caused by: org.apache.activemq.artemis.api.core.ActiveMQConnectionTimedOutException: AMQ119013: Timed out waiting to receive cluster topology. Group:null
	at org.apache.activemq.artemis.core.client.impl.ServerLocatorImpl.createSessionFactory(ServerLocatorImpl.java:814) ~[artemis-core-client-2.6.2.jar:2.6.2]
	at net.corda.client.rpc.internal.RPCClientProxyHandler.start(RPCClientProxyHandler.kt:216) ~[corda-rpc-4.1.jar:?]
	at net.corda.client.rpc.internal.RPCClient$start$1.invoke(RPCClient.kt:93) ~[corda-rpc-4.1.jar:?]
	at net.corda.client.rpc.internal.RPCClient$start$1.invoke(RPCClient.kt:32) ~[corda-rpc-4.1.jar:?]
	at net.corda.core.internal.InternalUtils.logElapsedTime(InternalUtils.kt:194) ~[corda-core-4.1.jar:?]
	at net.corda.core.internal.InternalUtils.logElapsedTime(InternalUtils.kt:184) ~[corda-core-4.1.jar:?]
	at net.corda.client.rpc.internal.RPCClient.start(RPCClient.kt:72) ~[corda-rpc-4.1.jar:?]
	at net.corda.client.rpc.CordaRPCClient.start(CordaRPCClient.kt:392) ~[corda-rpc-4.1.jar:?]
	at net.corda.client.rpc.CordaRPCClient.start(CordaRPCClient.kt:375) ~[corda-rpc-4.1.jar:?]
	at net.corda.client.rpc.CordaRPCClient.start(CordaRPCClient.kt:344) ~[corda-rpc-4.1.jar:?]
	at com.rent.server.NodeRPCConnection.initialiseNodeRPCConnection(NodeRPCConnection.kt:44) ~[classes/:?]
	at sun.reflect.NativeMethodAccessorImpl.invoke0(Native Method) ~[?:1.8.0_191]
	at sun.reflect.NativeMethodAccessorImpl.invoke(NativeMethodAccessorImpl.java:62) ~[?:1.8.0_191]
	at sun.reflect.DelegatingMethodAccessorImpl.invoke(DelegatingMethodAccessorImpl.java:43) ~[?:1.8.0_191]
	at java.lang.reflect.Method.invoke(Method.java:498) ~[?:1.8.0_191]
	at org.springframework.beans.factory.annotation.InitDestroyAnnotationBeanPostProcessor$LifecycleElement.invoke(InitDestroyAnnotationBeanPostProcessor.java:365) ~[spring-beans-5.0.6.RELEASE.jar:5.0.6.RELEASE]
	at org.springframework.beans.factory.annotation.InitDestroyAnnotationBeanPostProcessor$LifecycleMetadata.invokeInitMethods(InitDestroyAnnotationBeanPostProcessor.java:308) ~[spring-beans-5.0.6.RELEASE.jar:5.0.6.RELEASE]
	at org.springframework.beans.factory.annotation.InitDestroyAnnotationBeanPostProcessor.postProcessBeforeInitialization(InitDestroyAnnotationBeanPostProcessor.java:135) ~[spring-beans-5.0.6.RELEASE.jar:5.0.6.RELEASE]
	... 16 more
[INFO ] 2019-09-06T17:05:18,156 [main] ServerKt - Starting ServerKt on prannav-ThinkPad-T480 with PID 14156 (/home/prannav/Documents/pPjcts/eAg/eaga-cordapp/server/out/production/classes started by prannav in /home/prannav/Documents/pPjcts/eAg/eaga-cordapp)
[INFO ] 2019-09-06T17:05:18,163 [main] ServerKt - No active profile set, falling back to default profiles: default
[INFO ] 2019-09-06T17:05:18,219 [main] AnnotationConfigServletWebServerApplicationContext - Refreshing org.springframework.boot.web.servlet.context.AnnotationConfigServletWebServerApplicationContext@107ed6fc: startup date [Fri Sep 06 22:35:18 IST 2019]; root of context hierarchy
[INFO ] 2019-09-06T17:05:19,270 [main] TomcatWebServer - Tomcat initialized with port(s): 10055 (http)
[INFO ] 2019-09-06T17:05:19,399 [localhost-startStop-1] ContextLoader - Root WebApplicationContext: initialization completed in 1182 ms
[INFO ] 2019-09-06T17:05:19,509 [localhost-startStop-1] ServletRegistrationBean - Servlet dispatcherServlet mapped to [/]
[INFO ] 2019-09-06T17:05:19,515 [localhost-startStop-1] FilterRegistrationBean - Mapping filter: 'characterEncodingFilter' to: [/*]
[INFO ] 2019-09-06T17:05:19,516 [localhost-startStop-1] FilterRegistrationBean - Mapping filter: 'hiddenHttpMethodFilter' to: [/*]
[INFO ] 2019-09-06T17:05:19,516 [localhost-startStop-1] FilterRegistrationBean - Mapping filter: 'httpPutFormContentFilter' to: [/*]
[INFO ] 2019-09-06T17:05:19,516 [localhost-startStop-1] FilterRegistrationBean - Mapping filter: 'requestContextFilter' to: [/*]
[INFO ] 2019-09-06T17:05:50,417 [main] RPCClient - Failed Startup took 30485 msec
[WARN ] 2019-09-06T17:05:50,418 [main] AnnotationConfigServletWebServerApplicationContext - Exception encountered during context initialization - cancelling refresh attempt: org.springframework.beans.factory.BeanCreationException: Error creating bean with name 'nodeRPCConnection': Invocation of init method failed; nested exception is ActiveMQConnectionTimedOutException[errorType=CONNECTION_TIMEDOUT message=AMQ119013: Timed out waiting to receive cluster topology. Group:null]
[INFO ] 2019-09-06T17:05:50,440 [main] ConditionEvaluationReportLoggingListener - 

Error starting ApplicationContext. To display the conditions report re-run your application with 'debug' enabled.
[ERROR] 2019-09-06T17:05:50,443 [main] SpringApplication - Application run failed
org.springframework.beans.factory.BeanCreationException: Error creating bean with name 'nodeRPCConnection': Invocation of init method failed; nested exception is ActiveMQConnectionTimedOutException[errorType=CONNECTION_TIMEDOUT message=AMQ119013: Timed out waiting to receive cluster topology. Group:null]
	at org.springframework.beans.factory.annotation.InitDestroyAnnotationBeanPostProcessor.postProcessBeforeInitialization(InitDestroyAnnotationBeanPostProcessor.java:138) ~[spring-beans-5.0.6.RELEASE.jar:5.0.6.RELEASE]
	at org.springframework.beans.factory.support.AbstractAutowireCapableBeanFactory.applyBeanPostProcessorsBeforeInitialization(AbstractAutowireCapableBeanFactory.java:422) ~[spring-beans-5.0.6.RELEASE.jar:5.0.6.RELEASE]
	at org.springframework.beans.factory.support.AbstractAutowireCapableBeanFactory.initializeBean(AbstractAutowireCapableBeanFactory.java:1698) ~[spring-beans-5.0.6.RELEASE.jar:5.0.6.RELEASE]
	at org.springframework.beans.factory.support.AbstractAutowireCapableBeanFactory.doCreateBean(AbstractAutowireCapableBeanFactory.java:579) ~[spring-beans-5.0.6.RELEASE.jar:5.0.6.RELEASE]
	at org.springframework.beans.factory.support.AbstractAutowireCapableBeanFactory.createBean(AbstractAutowireCapableBeanFactory.java:501) ~[spring-beans-5.0.6.RELEASE.jar:5.0.6.RELEASE]
	at org.springframework.beans.factory.support.AbstractBeanFactory.lambda$doGetBean$0(AbstractBeanFactory.java:317) ~[spring-beans-5.0.6.RELEASE.jar:5.0.6.RELEASE]
	at org.springframework.beans.factory.support.DefaultSingletonBeanRegistry.getSingleton(DefaultSingletonBeanRegistry.java:228) ~[spring-beans-5.0.6.RELEASE.jar:5.0.6.RELEASE]
	at org.springframework.beans.factory.support.AbstractBeanFactory.doGetBean(AbstractBeanFactory.java:315) ~[spring-beans-5.0.6.RELEASE.jar:5.0.6.RELEASE]
	at org.springframework.beans.factory.support.AbstractBeanFactory.getBean(AbstractBeanFactory.java:199) ~[spring-beans-5.0.6.RELEASE.jar:5.0.6.RELEASE]
	at org.springframework.beans.factory.support.DefaultListableBeanFactory.preInstantiateSingletons(DefaultListableBeanFactory.java:760) ~[spring-beans-5.0.6.RELEASE.jar:5.0.6.RELEASE]
	at org.springframework.context.support.AbstractApplicationContext.finishBeanFactoryInitialization(AbstractApplicationContext.java:869) ~[spring-context-5.0.6.RELEASE.jar:5.0.6.RELEASE]
	at org.springframework.context.support.AbstractApplicationContext.refresh(AbstractApplicationContext.java:550) ~[spring-context-5.0.6.RELEASE.jar:5.0.6.RELEASE]
	at org.springframework.boot.web.servlet.context.ServletWebServerApplicationContext.refresh(ServletWebServerApplicationContext.java:140) ~[spring-boot-2.0.2.RELEASE.jar:2.0.2.RELEASE]
	at org.springframework.boot.SpringApplication.refresh(SpringApplication.java:759) [spring-boot-2.0.2.RELEASE.jar:2.0.2.RELEASE]
	at org.springframework.boot.SpringApplication.refreshContext(SpringApplication.java:395) [spring-boot-2.0.2.RELEASE.jar:2.0.2.RELEASE]
	at org.springframework.boot.SpringApplication.run(SpringApplication.java:327) [spring-boot-2.0.2.RELEASE.jar:2.0.2.RELEASE]
	at com.rent.server.ServerKt.main(Server.kt:21) [classes/:?]
Caused by: org.apache.activemq.artemis.api.core.ActiveMQConnectionTimedOutException: AMQ119013: Timed out waiting to receive cluster topology. Group:null
	at org.apache.activemq.artemis.core.client.impl.ServerLocatorImpl.createSessionFactory(ServerLocatorImpl.java:814) ~[artemis-core-client-2.6.2.jar:2.6.2]
	at net.corda.client.rpc.internal.RPCClientProxyHandler.start(RPCClientProxyHandler.kt:216) ~[corda-rpc-4.1.jar:?]
	at net.corda.client.rpc.internal.RPCClient$start$1.invoke(RPCClient.kt:93) ~[corda-rpc-4.1.jar:?]
	at net.corda.client.rpc.internal.RPCClient$start$1.invoke(RPCClient.kt:32) ~[corda-rpc-4.1.jar:?]
	at net.corda.core.internal.InternalUtils.logElapsedTime(InternalUtils.kt:194) ~[corda-core-4.1.jar:?]
	at net.corda.core.internal.InternalUtils.logElapsedTime(InternalUtils.kt:184) ~[corda-core-4.1.jar:?]
	at net.corda.client.rpc.internal.RPCClient.start(RPCClient.kt:72) ~[corda-rpc-4.1.jar:?]
	at net.corda.client.rpc.CordaRPCClient.start(CordaRPCClient.kt:392) ~[corda-rpc-4.1.jar:?]
	at net.corda.client.rpc.CordaRPCClient.start(CordaRPCClient.kt:375) ~[corda-rpc-4.1.jar:?]
	at net.corda.client.rpc.CordaRPCClient.start(CordaRPCClient.kt:344) ~[corda-rpc-4.1.jar:?]
	at com.rent.server.NodeRPCConnection.initialiseNodeRPCConnection(NodeRPCConnection.kt:44) ~[classes/:?]
	at sun.reflect.NativeMethodAccessorImpl.invoke0(Native Method) ~[?:1.8.0_191]
	at sun.reflect.NativeMethodAccessorImpl.invoke(NativeMethodAccessorImpl.java:62) ~[?:1.8.0_191]
	at sun.reflect.DelegatingMethodAccessorImpl.invoke(DelegatingMethodAccessorImpl.java:43) ~[?:1.8.0_191]
	at java.lang.reflect.Method.invoke(Method.java:498) ~[?:1.8.0_191]
	at org.springframework.beans.factory.annotation.InitDestroyAnnotationBeanPostProcessor$LifecycleElement.invoke(InitDestroyAnnotationBeanPostProcessor.java:365) ~[spring-beans-5.0.6.RELEASE.jar:5.0.6.RELEASE]
	at org.springframework.beans.factory.annotation.InitDestroyAnnotationBeanPostProcessor$LifecycleMetadata.invokeInitMethods(InitDestroyAnnotationBeanPostProcessor.java:308) ~[spring-beans-5.0.6.RELEASE.jar:5.0.6.RELEASE]
	at org.springframework.beans.factory.annotation.InitDestroyAnnotationBeanPostProcessor.postProcessBeforeInitialization(InitDestroyAnnotationBeanPostProcessor.java:135) ~[spring-beans-5.0.6.RELEASE.jar:5.0.6.RELEASE]
	... 16 more
